# JRE version: OpenJDK Runtime Environment (8.0) (build 1.8.0-25-microsoft-b00)
# Java VM: OpenJDK 64-Bit Server VM (25.71-b00 mixed mode windows-amd64 compressed oops)
Heap:
 PSYoungGen      total 289280K, used 115903K [0x00000000eab00000, 0x00000000fe700000, 0x0000000100000000)
  eden space 258560K, 44% used [0x00000000eab00000,0x00000000f1c2fef0,0x00000000fa780000)
  from space 30720K, 0% used [0x00000000fa780000,0x00000000fa780000,0x00000000fc580000)
  to   space 27136K, 0% used [0x00000000fc580000,0x00000000fc580000,0x00000000fe000000)
 ParOldGen       total 86016K, used 85972K [0x00000000c0000000, 0x00000000c5400000, 0x00000000eab00000)
  object space 86016K, 99% used [0x00000000c0000000,0x00000000c53f5108,0x00000000c5400000)
 Metaspace       used 7205K, capacity 7800K, committed 7936K, reserved 1056768K
  class space    used 632K, capacity 688K, committed 768K, reserved 1048576K
GC Heap History (10 events):
Event: 9.341 GC heap before
{Heap before GC invocations=14 (full 7):
 PSYoungGen      total 289280K, used 258560K [0x00000000eab00000, 0x00000000fe700000, 0x0000000100000000)
  eden space 258560K, 100% used [0x00000000eab00000,0x00000000fa780000,0x00000000fa780000)
  from space 30720K, 0% used [0x00000000fa780000,0x00000000fa780000,0x00000000fc580000)
  to   space 27136K, 0% used [0x00000000fc580000,0x00000000fc580000,0x00000000fe000000)
 ParOldGen       total 86016K, used 85925K [0x00000000c0000000, 0x00000000c5400000, 0x00000000eab00000)
  object space 86016K, 99% used [0x00000000c0000000,0x00000000c53e9708,0x00000000c5400000)
 Metaspace       used 6715K, capacity 7350K, committed 7552K, reserved 1056768K
  class space    used 610K, capacity 622K, committed 640K, reserved 1048576K
Event: 10.105 GC heap after
Heap after GC invocations=14 (full 7):
 PSYoungGen      total 289280K, used 162444K [0x00000000eab00000, 0x00000000fe700000, 0x0000000100000000)
  eden space 258560K, 62% used [0x00000000eab00000,0x00000000f49a3220,0x00000000fa780000)
  from space 30720K, 0% used [0x00000000fa780000,0x00000000fa780000,0x00000000fc580000)
  to   space 27136K, 0% used [0x00000000fc580000,0x00000000fc580000,0x00000000fe000000)
 ParOldGen       total 86016K, used 85924K [0x00000000c0000000, 0x00000000c5400000, 0x00000000eab00000)
  object space 86016K, 99% used [0x00000000c0000000,0x00000000c53e9308,0x00000000c5400000)
 Metaspace       used 6715K, capacity 7350K, committed 7552K, reserved 1056768K
  class space    used 610K, capacity 622K, committed 640K, reserved 1048576K
}
Event: 10.254 GC heap before
{Heap before GC invocations=15 (full 8):
 PSYoungGen      total 289280K, used 258560K [0x00000000eab00000, 0x00000000fe700000, 0x0000000100000000)
  eden space 258560K, 100% used [0x00000000eab00000,0x00000000fa780000,0x00000000fa780000)
  from space 30720K, 0% used [0x00000000fa780000,0x00000000fa780000,0x00000000fc580000)
  to   space 27136K, 0% used [0x00000000fc580000,0x00000000fc580000,0x00000000fe000000)
 ParOldGen       total 86016K, used 85924K [0x00000000c0000000, 0x00000000c5400000, 0x00000000eab00000)
  object space 86016K, 99% used [0x00000000c0000000,0x00000000c53e9308,0x00000000c5400000)
 Metaspace       used 6715K, capacity 7350K, committed 7552K, reserved 1056768K
  class space    used 610K, capacity 622K, committed 640K, reserved 1048576K
Event: 10.980 GC heap after
Heap after GC invocations=15 (full 8):
 PSYoungGen      total 289280K, used 175920K [0x00000000eab00000, 0x00000000fe700000, 0x0000000100000000)
  eden space 258560K, 68% used [0x00000000eab00000,0x00000000f56cc3a0,0x00000000fa780000)
  from space 30720K, 0% used [0x00000000fa780000,0x00000000fa780000,0x00000000fc580000)
  to   space 27136K, 0% used [0x00000000fc580000,0x00000000fc580000,0x00000000fe000000)
 ParOldGen       total 86016K, used 85924K [0x00000000c0000000, 0x00000000c5400000, 0x00000000eab00000)
  object space 86016K, 99% used [0x00000000c0000000,0x00000000c53e9048,0x00000000c5400000)
 Metaspace       used 6715K, capacity 7350K, committed 7552K, reserved 1056768K
  class space    used 610K, capacity 622K, committed 640K, reserved 1048576K
}
Event: 11.108 GC heap before
{Heap before GC invocations=16 (full 9):
 PSYoungGen      total 289280K, used 258560K [0x00000000eab00000, 0x00000000fe700000, 0x0000000100000000)
  eden space 258560K, 100% used [0x00000000eab00000,0x00000000fa780000,0x00000000fa780000)
  from space 30720K, 0% used [0x00000000fa780000,0x00000000fa780000,0x00000000fc580000)
  to   space 27136K, 0% used [0x00000000fc580000,0x00000000fc580000,0x00000000fe000000)
 ParOldGen       total 86016K, used 85924K [0x00000000c0000000, 0x00000000c5400000, 0x00000000eab00000)
  object space 86016K, 99% used [0x00000000c0000000,0x00000000c53e9048,0x00000000c5400000)
 Metaspace       used 6718K, capacity 7350K, committed 7552K, reserved 1056768K
  class space    used 610K, capacity 622K, committed 640K, reserved 1048576K
Event: 11.724 GC heap after
Heap after GC invocations=16 (full 9):
 PSYoungGen      total 289280K, used 187461K [0x00000000eab00000, 0x00000000fe700000, 0x0000000100000000)
  eden space 258560K, 72% used [0x00000000eab00000,0x00000000f6211400,0x00000000fa780000)
  from space 30720K, 0% used [0x00000000fa780000,0x00000000fa780000,0x00000000fc580000)
  to   space 27136K, 0% used [0x00000000fc580000,0x00000000fc580000,0x00000000fe000000)
 ParOldGen       total 86016K, used 85923K [0x00000000c0000000, 0x00000000c5400000, 0x00000000eab00000)
  object space 86016K, 99% used [0x00000000c0000000,0x00000000c53e8d88,0x00000000c5400000)
 Metaspace       used 6718K, capacity 7350K, committed 7552K, reserved 1056768K
  class space    used 610K, capacity 622K, committed 640K, reserved 1048576K
}
Event: 12.198 GC heap before
{Heap before GC invocations=17 (full 10):
 PSYoungGen      total 289280K, used 258560K [0x00000000eab00000, 0x00000000fe700000, 0x0000000100000000)
  eden space 258560K, 100% used [0x00000000eab00000,0x00000000fa780000,0x00000000fa780000)
  from space 30720K, 0% used [0x00000000fa780000,0x00000000fa780000,0x00000000fc580000)
  to   space 27136K, 0% used [0x00000000fc580000,0x00000000fc580000,0x00000000fe000000)
 ParOldGen       total 86016K, used 85923K [0x00000000c0000000, 0x00000000c5400000, 0x00000000eab00000)
  object space 86016K, 99% used [0x00000000c0000000,0x00000000c53e8d88,0x00000000c5400000)
 Metaspace       used 6817K, capacity 7448K, committed 7680K, reserved 1056768K
  class space    used 615K, capacity 656K, committed 768K, reserved 1048576K
Event: 14.191 GC heap after
Heap after GC invocations=17 (full 10):
 PSYoungGen      total 289280K, used 191743K [0x00000000eab00000, 0x00000000fe700000, 0x0000000100000000)
  eden space 258560K, 74% used [0x00000000eab00000,0x00000000f663fec8,0x00000000fa780000)
  from space 30720K, 0% used [0x00000000fa780000,0x00000000fa780000,0x00000000fc580000)
  to   space 27136K, 0% used [0x00000000fc580000,0x00000000fc580000,0x00000000fe000000)
 ParOldGen       total 86016K, used 85755K [0x00000000c0000000, 0x00000000c5400000, 0x00000000eab00000)
  object space 86016K, 99% used [0x00000000c0000000,0x00000000c53beff8,0x00000000c5400000)
 Metaspace       used 6817K, capacity 7448K, committed 7680K, reserved 1056768K
  class space    used 615K, capacity 656K, committed 768K, reserved 1048576K
}
Event: 15.164 GC heap before
{Heap before GC invocations=18 (full 11):
 PSYoungGen      total 289280K, used 258560K [0x00000000eab00000, 0x00000000fe700000, 0x0000000100000000)
  eden space 258560K, 100% used [0x00000000eab00000,0x00000000fa780000,0x00000000fa780000)
  from space 30720K, 0% used [0x00000000fa780000,0x00000000fa780000,0x00000000fc580000)
  to   space 27136K, 0% used [0x00000000fc580000,0x00000000fc580000,0x00000000fe000000)
 ParOldGen       total 86016K, used 85755K [0x00000000c0000000, 0x00000000c5400000, 0x00000000eab00000)
  object space 86016K, 99% used [0x00000000c0000000,0x00000000c53beff8,0x00000000c5400000)
 Metaspace       used 7090K, capacity 7736K, committed 7936K, reserved 1056768K
  class space    used 629K, capacity 688K, committed 768K, reserved 1048576K
Event: 15.854 GC heap after
Heap after GC invocations=18 (full 11):
 PSYoungGen      total 289280K, used 74943K [0x00000000eab00000, 0x00000000fe700000, 0x0000000100000000)
  eden space 258560K, 28% used [0x00000000eab00000,0x00000000ef42ff20,0x00000000fa780000)
  from space 30720K, 0% used [0x00000000fa780000,0x00000000fa780000,0x00000000fc580000)
  to   space 27136K, 0% used [0x00000000fc580000,0x00000000fc580000,0x00000000fe000000)
 ParOldGen       total 86016K, used 85972K [0x00000000c0000000, 0x00000000c5400000, 0x00000000eab00000)
  object space 86016K, 99% used [0x00000000c0000000,0x00000000c53f5108,0x00000000c5400000)
 Metaspace       used 7090K, capacity 7736K, committed 7936K, reserved 1056768K
  class space    used 629K, capacity 688K, committed 768K, reserved 1048576K
}

