# JRE version: OpenJDK Runtime Environment (8.0) (build 1.8.0-25-microsoft-b00)
# Java VM: OpenJDK 64-Bit Server VM (25.71-b00 mixed mode windows-amd64 compressed oops)
Heap:
 PSYoungGen      total 24064K, used 13325K [0x00000000d6100000, 0x00000000d8400000, 0x0000000100000000)
  eden space 15360K, 53% used [0x00000000d6100000,0x00000000d6917808,0x00000000d7000000)
  from space 8704K, 57% used [0x00000000d7000000,0x00000000d74ebfd8,0x00000000d7880000)
  to   space 9216K, 0% used [0x00000000d7b00000,0x00000000d7b00000,0x00000000d8400000)
 ParOldGen       total 29696K, used 22663K [0x0000000082200000, 0x0000000083f00000, 0x00000000d6100000)
  object space 29696K, 76% used [0x0000000082200000,0x0000000083821f98,0x0000000083f00000)
 Metaspace       used 9092K, capacity 9780K, committed 9984K, reserved 1062912K
  class space    used 970K, capacity 1008K, committed 1024K, reserved 1048576K
GC Heap History (10 events):
Event: 3.877 GC heap before
{Heap before GC invocations=12 (full 2):
 PSYoungGen      total 17408K, used 3042K [0x00000000d6100000, 0x00000000d7980000, 0x0000000100000000)
  eden space 14336K, 0% used [0x00000000d6100000,0x00000000d6100000,0x00000000d6f00000)
  from space 3072K, 99% used [0x00000000d7380000,0x00000000d7678bb8,0x00000000d7680000)
  to   space 4608K, 0% used [0x00000000d6f00000,0x00000000d6f00000,0x00000000d7380000)
 ParOldGen       total 11264K, used 9238K [0x0000000082200000, 0x0000000082d00000, 0x00000000d6100000)
  object space 11264K, 82% used [0x0000000082200000,0x0000000082b05828,0x0000000082d00000)
 Metaspace       used 7503K, capacity 8372K, committed 8576K, reserved 1062912K
  class space    used 862K, capacity 880K, committed 896K, reserved 1048576K
Event: 3.928 GC heap after
Heap after GC invocations=12 (full 2):
 PSYoungGen      total 17408K, used 993K [0x00000000d6100000, 0x00000000d7980000, 0x0000000100000000)
  eden space 14336K, 0% used [0x00000000d6100000,0x00000000d6100000,0x00000000d6f00000)
  from space 3072K, 32% used [0x00000000d7380000,0x00000000d7478680,0x00000000d7680000)
  to   space 4608K, 0% used [0x00000000d6f00000,0x00000000d6f00000,0x00000000d7380000)
 ParOldGen       total 17920K, used 11098K [0x0000000082200000, 0x0000000083380000, 0x00000000d6100000)
  object space 17920K, 61% used [0x0000000082200000,0x0000000082cd6970,0x0000000083380000)
 Metaspace       used 7503K, capacity 8372K, committed 8576K, reserved 1062912K
  class space    used 862K, capacity 880K, committed 896K, reserved 1048576K
}
Event: 4.050 GC heap before
{Heap before GC invocations=13 (full 2):
 PSYoungGen      total 17408K, used 15329K [0x00000000d6100000, 0x00000000d7980000, 0x0000000100000000)
  eden space 14336K, 100% used [0x00000000d6100000,0x00000000d6f00000,0x00000000d6f00000)
  from space 3072K, 32% used [0x00000000d7380000,0x00000000d7478680,0x00000000d7680000)
  to   space 4608K, 0% used [0x00000000d6f00000,0x00000000d6f00000,0x00000000d7380000)
 ParOldGen       total 17920K, used 11098K [0x0000000082200000, 0x0000000083380000, 0x00000000d6100000)
  object space 17920K, 61% used [0x0000000082200000,0x0000000082cd6970,0x0000000083380000)
 Metaspace       used 7796K, capacity 8596K, committed 8960K, reserved 1062912K
  class space    used 878K, capacity 912K, committed 1024K, reserved 1048576K
Event: 4.054 GC heap after
Heap after GC invocations=13 (full 2):
 PSYoungGen      total 18944K, used 4598K [0x00000000d6100000, 0x00000000d7e80000, 0x0000000100000000)
  eden space 14336K, 0% used [0x00000000d6100000,0x00000000d6100000,0x00000000d6f00000)
  from space 4608K, 99% used [0x00000000d6f00000,0x00000000d737dbb8,0x00000000d7380000)
  to   space 6144K, 0% used [0x00000000d7880000,0x00000000d7880000,0x00000000d7e80000)
 ParOldGen       total 17920K, used 13141K [0x0000000082200000, 0x0000000083380000, 0x00000000d6100000)
  object space 17920K, 73% used [0x0000000082200000,0x0000000082ed5758,0x0000000083380000)
 Metaspace       used 7796K, capacity 8596K, committed 8960K, reserved 1062912K
  class space    used 878K, capacity 912K, committed 1024K, reserved 1048576K
}
Event: 4.164 GC heap before
{Heap before GC invocations=14 (full 2):
 PSYoungGen      total 18944K, used 18934K [0x00000000d6100000, 0x00000000d7e80000, 0x0000000100000000)
  eden space 14336K, 100% used [0x00000000d6100000,0x00000000d6f00000,0x00000000d6f00000)
  from space 4608K, 99% used [0x00000000d6f00000,0x00000000d737dbb8,0x00000000d7380000)
  to   space 6144K, 0% used [0x00000000d7880000,0x00000000d7880000,0x00000000d7e80000)
 ParOldGen       total 17920K, used 13141K [0x0000000082200000, 0x0000000083380000, 0x00000000d6100000)
  object space 17920K, 73% used [0x0000000082200000,0x0000000082ed5758,0x0000000083380000)
 Metaspace       used 7987K, capacity 8788K, committed 8960K, reserved 1062912K
  class space    used 881K, capacity 912K, committed 1024K, reserved 1048576K
Event: 4.172 GC heap after
Heap after GC invocations=14 (full 2):
 PSYoungGen      total 21504K, used 6114K [0x00000000d6100000, 0x00000000d8500000, 0x0000000100000000)
  eden space 15360K, 0% used [0x00000000d6100000,0x00000000d6100000,0x00000000d7000000)
  from space 6144K, 99% used [0x00000000d7880000,0x00000000d7e78b60,0x00000000d7e80000)
  to   space 8704K, 0% used [0x00000000d7000000,0x00000000d7000000,0x00000000d7880000)
 ParOldGen       total 19968K, used 18042K [0x0000000082200000, 0x0000000083580000, 0x00000000d6100000)
  object space 19968K, 90% used [0x0000000082200000,0x000000008339ea00,0x0000000083580000)
 Metaspace       used 7987K, capacity 8788K, committed 8960K, reserved 1062912K
  class space    used 881K, capacity 912K, committed 1024K, reserved 1048576K
}
Event: 4.172 GC heap before
{Heap before GC invocations=15 (full 3):
 PSYoungGen      total 21504K, used 6114K [0x00000000d6100000, 0x00000000d8500000, 0x0000000100000000)
  eden space 15360K, 0% used [0x00000000d6100000,0x00000000d6100000,0x00000000d7000000)
  from space 6144K, 99% used [0x00000000d7880000,0x00000000d7e78b60,0x00000000d7e80000)
  to   space 8704K, 0% used [0x00000000d7000000,0x00000000d7000000,0x00000000d7880000)
 ParOldGen       total 19968K, used 18042K [0x0000000082200000, 0x0000000083580000, 0x00000000d6100000)
  object space 19968K, 90% used [0x0000000082200000,0x000000008339ea00,0x0000000083580000)
 Metaspace       used 7987K, capacity 8788K, committed 8960K, reserved 1062912K
  class space    used 881K, capacity 912K, committed 1024K, reserved 1048576K
Event: 4.251 GC heap after
Heap after GC invocations=15 (full 3):
 PSYoungGen      total 21504K, used 3006K [0x00000000d6100000, 0x00000000d8500000, 0x0000000100000000)
  eden space 15360K, 0% used [0x00000000d6100000,0x00000000d6100000,0x00000000d7000000)
  from space 6144K, 48% used [0x00000000d7880000,0x00000000d7b6fb90,0x00000000d7e80000)
  to   space 8704K, 0% used [0x00000000d7000000,0x00000000d7000000,0x00000000d7880000)
 ParOldGen       total 29696K, used 19484K [0x0000000082200000, 0x0000000083f00000, 0x00000000d6100000)
  object space 29696K, 65% used [0x0000000082200000,0x0000000083507268,0x0000000083f00000)
 Metaspace       used 7987K, capacity 8788K, committed 8960K, reserved 1062912K
  class space    used 881K, capacity 912K, committed 1024K, reserved 1048576K
}
Event: 4.411 GC heap before
{Heap before GC invocations=16 (full 3):
 PSYoungGen      total 21504K, used 18366K [0x00000000d6100000, 0x00000000d8500000, 0x0000000100000000)
  eden space 15360K, 100% used [0x00000000d6100000,0x00000000d7000000,0x00000000d7000000)
  from space 6144K, 48% used [0x00000000d7880000,0x00000000d7b6fb90,0x00000000d7e80000)
  to   space 8704K, 0% used [0x00000000d7000000,0x00000000d7000000,0x00000000d7880000)
 ParOldGen       total 29696K, used 19484K [0x0000000082200000, 0x0000000083f00000, 0x00000000d6100000)
  object space 29696K, 65% used [0x0000000082200000,0x0000000083507268,0x0000000083f00000)
 Metaspace       used 8174K, capacity 8916K, committed 9216K, reserved 1062912K
  class space    used 890K, capacity 912K, committed 1024K, reserved 1048576K
Event: 4.417 GC heap after
Heap after GC invocations=16 (full 3):
 PSYoungGen      total 24064K, used 5039K [0x00000000d6100000, 0x00000000d8400000, 0x0000000100000000)
  eden space 15360K, 0% used [0x00000000d6100000,0x00000000d6100000,0x00000000d7000000)
  from space 8704K, 57% used [0x00000000d7000000,0x00000000d74ebfd8,0x00000000d7880000)
  to   space 9216K, 0% used [0x00000000d7b00000,0x00000000d7b00000,0x00000000d8400000)
 ParOldGen       total 29696K, used 22663K [0x0000000082200000, 0x0000000083f00000, 0x00000000d6100000)
  object space 29696K, 76% used [0x0000000082200000,0x0000000083821f98,0x0000000083f00000)
 Metaspace       used 8174K, capacity 8916K, committed 9216K, reserved 1062912K
  class space    used 890K, capacity 912K, committed 1024K, reserved 1048576K
}

