# JRE version: OpenJDK Runtime Environment (8.0) (build 1.8.0-25-microsoft-b00)
# Java VM: OpenJDK 64-Bit Server VM (25.71-b00 mixed mode windows-amd64 compressed oops)
Heap:
 PSYoungGen      total 281088K, used 252568K [0x00000000eab00000, 0x0000000100000000, 0x0000000100000000)
  eden space 212992K, 86% used [0x00000000eab00000,0x00000000f5f2c730,0x00000000f7b00000)
  from space 68096K, 99% used [0x00000000f7b00000,0x00000000fbd79cc0,0x00000000fbd80000)
  to   space 68096K, 0% used [0x00000000fbd80000,0x00000000fbd80000,0x0000000100000000)
 ParOldGen       total 299008K, used 170131K [0x00000000c0000000, 0x00000000d2400000, 0x00000000eab00000)
  object space 299008K, 56% used [0x00000000c0000000,0x00000000ca624e78,0x00000000d2400000)
 Metaspace       used 6703K, capacity 7350K, committed 7552K, reserved 1056768K
  class space    used 610K, capacity 622K, committed 640K, reserved 1048576K
GC Heap History (10 events):
Event: 4.266 GC heap before
{Heap before GC invocations=11 (full 1):
 PSYoungGen      total 287744K, used 275375K [0x00000000eab00000, 0x0000000100000000, 0x0000000100000000)
  eden space 250368K, 100% used [0x00000000eab00000,0x00000000f9f80000,0x00000000f9f80000)
  from space 37376K, 66% used [0x00000000f9f80000,0x00000000fb7ebd30,0x00000000fc400000)
  to   space 54272K, 0% used [0x00000000fcb00000,0x00000000fcb00000,0x0000000100000000)
 ParOldGen       total 163840K, used 85529K [0x00000000c0000000, 0x00000000ca000000, 0x00000000eab00000)
  object space 163840K, 52% used [0x00000000c0000000,0x00000000c53865a8,0x00000000ca000000)
 Metaspace       used 6673K, capacity 7350K, committed 7552K, reserved 1056768K
  class space    used 609K, capacity 622K, committed 640K, reserved 1048576K
Event: 4.316 GC heap after
Heap after GC invocations=11 (full 1):
 PSYoungGen      total 272384K, used 54257K [0x00000000eab00000, 0x0000000100000000, 0x0000000100000000)
  eden space 218112K, 0% used [0x00000000eab00000,0x00000000eab00000,0x00000000f8000000)
  from space 54272K, 99% used [0x00000000fcb00000,0x00000000ffffc500,0x0000000100000000)
  to   space 65536K, 0% used [0x00000000f8000000,0x00000000f8000000,0x00000000fc000000)
 ParOldGen       total 163840K, used 93569K [0x00000000c0000000, 0x00000000ca000000, 0x00000000eab00000)
  object space 163840K, 57% used [0x00000000c0000000,0x00000000c5b606c8,0x00000000ca000000)
 Metaspace       used 6673K, capacity 7350K, committed 7552K, reserved 1056768K
  class space    used 609K, capacity 622K, committed 640K, reserved 1048576K
}
Event: 4.804 GC heap before
{Heap before GC invocations=12 (full 1):
 PSYoungGen      total 272384K, used 272369K [0x00000000eab00000, 0x0000000100000000, 0x0000000100000000)
  eden space 218112K, 100% used [0x00000000eab00000,0x00000000f8000000,0x00000000f8000000)
  from space 54272K, 99% used [0x00000000fcb00000,0x00000000ffffc500,0x0000000100000000)
  to   space 65536K, 0% used [0x00000000f8000000,0x00000000f8000000,0x00000000fc000000)
 ParOldGen       total 163840K, used 93569K [0x00000000c0000000, 0x00000000ca000000, 0x00000000eab00000)
  object space 163840K, 57% used [0x00000000c0000000,0x00000000c5b606c8,0x00000000ca000000)
 Metaspace       used 6687K, capacity 7350K, committed 7552K, reserved 1056768K
  class space    used 610K, capacity 622K, committed 640K, reserved 1048576K
Event: 4.870 GC heap after
Heap after GC invocations=12 (full 1):
 PSYoungGen      total 283648K, used 34659K [0x00000000eab00000, 0x0000000100000000, 0x0000000100000000)
  eden space 218112K, 0% used [0x00000000eab00000,0x00000000eab00000,0x00000000f8000000)
  from space 65536K, 52% used [0x00000000f8000000,0x00000000fa1d8fe0,0x00000000fc000000)
  to   space 65024K, 0% used [0x00000000fc080000,0x00000000fc080000,0x0000000100000000)
 ParOldGen       total 163840K, used 146448K [0x00000000c0000000, 0x00000000ca000000, 0x00000000eab00000)
  object space 163840K, 89% used [0x00000000c0000000,0x00000000c8f04020,0x00000000ca000000)
 Metaspace       used 6687K, capacity 7350K, committed 7552K, reserved 1056768K
  class space    used 610K, capacity 622K, committed 640K, reserved 1048576K
}
Event: 4.870 GC heap before
{Heap before GC invocations=13 (full 2):
 PSYoungGen      total 283648K, used 34659K [0x00000000eab00000, 0x0000000100000000, 0x0000000100000000)
  eden space 218112K, 0% used [0x00000000eab00000,0x00000000eab00000,0x00000000f8000000)
  from space 65536K, 52% used [0x00000000f8000000,0x00000000fa1d8fe0,0x00000000fc000000)
  to   space 65024K, 0% used [0x00000000fc080000,0x00000000fc080000,0x0000000100000000)
 ParOldGen       total 163840K, used 146448K [0x00000000c0000000, 0x00000000ca000000, 0x00000000eab00000)
  object space 163840K, 89% used [0x00000000c0000000,0x00000000c8f04020,0x00000000ca000000)
 Metaspace       used 6687K, capacity 7350K, committed 7552K, reserved 1056768K
  class space    used 610K, capacity 622K, committed 640K, reserved 1048576K
Event: 5.787 GC heap after
Heap after GC invocations=13 (full 2):
 PSYoungGen      total 283648K, used 13942K [0x00000000eab00000, 0x0000000100000000, 0x0000000100000000)
  eden space 218112K, 0% used [0x00000000eab00000,0x00000000eab00000,0x00000000f8000000)
  from space 65536K, 21% used [0x00000000f8000000,0x00000000f8d9da38,0x00000000fc000000)
  to   space 65024K, 0% used [0x00000000fc080000,0x00000000fc080000,0x0000000100000000)
 ParOldGen       total 299008K, used 163469K [0x00000000c0000000, 0x00000000d2400000, 0x00000000eab00000)
  object space 299008K, 54% used [0x00000000c0000000,0x00000000c9fa3610,0x00000000d2400000)
 Metaspace       used 6687K, capacity 7350K, committed 7552K, reserved 1056768K
  class space    used 610K, capacity 622K, committed 640K, reserved 1048576K
}
Event: 6.166 GC heap before
{Heap before GC invocations=14 (full 2):
 PSYoungGen      total 283648K, used 232054K [0x00000000eab00000, 0x0000000100000000, 0x0000000100000000)
  eden space 218112K, 100% used [0x00000000eab00000,0x00000000f8000000,0x00000000f8000000)
  from space 65536K, 21% used [0x00000000f8000000,0x00000000f8d9da38,0x00000000fc000000)
  to   space 65024K, 0% used [0x00000000fc080000,0x00000000fc080000,0x0000000100000000)
 ParOldGen       total 299008K, used 163469K [0x00000000c0000000, 0x00000000d2400000, 0x00000000eab00000)
  object space 299008K, 54% used [0x00000000c0000000,0x00000000c9fa3610,0x00000000d2400000)
 Metaspace       used 6698K, capacity 7350K, committed 7552K, reserved 1056768K
  class space    used 610K, capacity 622K, committed 640K, reserved 1048576K
Event: 6.211 GC heap after
Heap after GC invocations=14 (full 2):
 PSYoungGen      total 278016K, used 46036K [0x00000000eab00000, 0x0000000100000000, 0x0000000100000000)
  eden space 212992K, 0% used [0x00000000eab00000,0x00000000eab00000,0x00000000f7b00000)
  from space 65024K, 70% used [0x00000000fc080000,0x00000000fed75258,0x0000000100000000)
  to   space 68096K, 0% used [0x00000000f7b00000,0x00000000f7b00000,0x00000000fbd80000)
 ParOldGen       total 299008K, used 163469K [0x00000000c0000000, 0x00000000d2400000, 0x00000000eab00000)
  object space 299008K, 54% used [0x00000000c0000000,0x00000000c9fa3610,0x00000000d2400000)
 Metaspace       used 6698K, capacity 7350K, committed 7552K, reserved 1056768K
  class space    used 610K, capacity 622K, committed 640K, reserved 1048576K
}
Event: 6.623 GC heap before
{Heap before GC invocations=15 (full 2):
 PSYoungGen      total 278016K, used 259028K [0x00000000eab00000, 0x0000000100000000, 0x0000000100000000)
  eden space 212992K, 100% used [0x00000000eab00000,0x00000000f7b00000,0x00000000f7b00000)
  from space 65024K, 70% used [0x00000000fc080000,0x00000000fed75258,0x0000000100000000)
  to   space 68096K, 0% used [0x00000000f7b00000,0x00000000f7b00000,0x00000000fbd80000)
 ParOldGen       total 299008K, used 163469K [0x00000000c0000000, 0x00000000d2400000, 0x00000000eab00000)
  object space 299008K, 54% used [0x00000000c0000000,0x00000000c9fa3610,0x00000000d2400000)
 Metaspace       used 6701K, capacity 7350K, committed 7552K, reserved 1056768K
  class space    used 610K, capacity 622K, committed 640K, reserved 1048576K
Event: 6.663 GC heap after
Heap after GC invocations=15 (full 2):
 PSYoungGen      total 281088K, used 68071K [0x00000000eab00000, 0x0000000100000000, 0x0000000100000000)
  eden space 212992K, 0% used [0x00000000eab00000,0x00000000eab00000,0x00000000f7b00000)
  from space 68096K, 99% used [0x00000000f7b00000,0x00000000fbd79cc0,0x00000000fbd80000)
  to   space 68096K, 0% used [0x00000000fbd80000,0x00000000fbd80000,0x0000000100000000)
 ParOldGen       total 299008K, used 170131K [0x00000000c0000000, 0x00000000d2400000, 0x00000000eab00000)
  object space 299008K, 56% used [0x00000000c0000000,0x00000000ca624e78,0x00000000d2400000)
 Metaspace       used 6701K, capacity 7350K, committed 7552K, reserved 1056768K
  class space    used 610K, capacity 622K, committed 640K, reserved 1048576K
}

