# JRE version: OpenJDK Runtime Environment (8.0) (build 1.8.0-25-microsoft-b00)
# Java VM: OpenJDK 64-Bit Server VM (25.71-b00 mixed mode windows-amd64 compressed oops)
Heap:
 PSYoungGen      total 6656K, used 2416K [0x00000000d6100000, 0x00000000d6800000, 0x0000000100000000)
  eden space 6144K, 31% used [0x00000000d6100000,0x00000000d62e0070,0x00000000d6700000)
  from space 512K, 96% used [0x00000000d6700000,0x00000000d677c010,0x00000000d6780000)
  to   space 512K, 0% used [0x00000000d6780000,0x00000000d6780000,0x00000000d6800000)
 ParOldGen       total 5632K, used 3093K [0x0000000082200000, 0x0000000082780000, 0x00000000d6100000)
  object space 5632K, 54% used [0x0000000082200000,0x0000000082505490,0x0000000082780000)
 Metaspace       used 7276K, capacity 8180K, committed 8320K, reserved 1056768K
  class space    used 857K, capacity 880K, committed 896K, reserved 1048576K
GC Heap History (10 events):
Event: 0.114 GC heap before
{Heap before GC invocations=1 (full 0):
 PSYoungGen      total 2048K, used 1536K [0x00000000d6100000, 0x00000000d6380000, 0x0000000100000000)
  eden space 1536K, 100% used [0x00000000d6100000,0x00000000d6280000,0x00000000d6280000)
  from space 512K, 0% used [0x00000000d6300000,0x00000000d6300000,0x00000000d6380000)
  to   space 512K, 0% used [0x00000000d6280000,0x00000000d6280000,0x00000000d6300000)
 ParOldGen       total 5632K, used 0K [0x0000000082200000, 0x0000000082780000, 0x00000000d6100000)
  object space 5632K, 0% used [0x0000000082200000,0x0000000082200000,0x0000000082780000)
 Metaspace       used 3184K, capacity 4812K, committed 5120K, reserved 1056768K
  class space    used 359K, capacity 456K, committed 512K, reserved 1048576K
Event: 0.116 GC heap after
Heap after GC invocations=1 (full 0):
 PSYoungGen      total 2048K, used 480K [0x00000000d6100000, 0x00000000d6500000, 0x0000000100000000)
  eden space 1536K, 0% used [0x00000000d6100000,0x00000000d6100000,0x00000000d6280000)
  from space 512K, 93% used [0x00000000d6280000,0x00000000d62f8020,0x00000000d6300000)
  to   space 512K, 0% used [0x00000000d6480000,0x00000000d6480000,0x00000000d6500000)
 ParOldGen       total 5632K, used 32K [0x0000000082200000, 0x0000000082780000, 0x00000000d6100000)
  object space 5632K, 0% used [0x0000000082200000,0x0000000082208000,0x0000000082780000)
 Metaspace       used 3184K, capacity 4812K, committed 5120K, reserved 1056768K
  class space    used 359K, capacity 456K, committed 512K, reserved 1048576K
}
Event: 0.183 GC heap before
{Heap before GC invocations=2 (full 0):
 PSYoungGen      total 2048K, used 2016K [0x00000000d6100000, 0x00000000d6500000, 0x0000000100000000)
  eden space 1536K, 100% used [0x00000000d6100000,0x00000000d6280000,0x00000000d6280000)
  from space 512K, 93% used [0x00000000d6280000,0x00000000d62f8020,0x00000000d6300000)
  to   space 512K, 0% used [0x00000000d6480000,0x00000000d6480000,0x00000000d6500000)
 ParOldGen       total 5632K, used 32K [0x0000000082200000, 0x0000000082780000, 0x00000000d6100000)
  object space 5632K, 0% used [0x0000000082200000,0x0000000082208000,0x0000000082780000)
 Metaspace       used 3845K, capacity 5228K, committed 5376K, reserved 1056768K
  class space    used 436K, capacity 488K, committed 512K, reserved 1048576K
Event: 0.184 GC heap after
Heap after GC invocations=2 (full 0):
 PSYoungGen      total 3584K, used 512K [0x00000000d6100000, 0x00000000d6500000, 0x0000000100000000)
  eden space 3072K, 0% used [0x00000000d6100000,0x00000000d6100000,0x00000000d6400000)
  from space 512K, 100% used [0x00000000d6480000,0x00000000d6500000,0x00000000d6500000)
  to   space 512K, 0% used [0x00000000d6400000,0x00000000d6400000,0x00000000d6480000)
 ParOldGen       total 5632K, used 136K [0x0000000082200000, 0x0000000082780000, 0x00000000d6100000)
  object space 5632K, 2% used [0x0000000082200000,0x0000000082222010,0x0000000082780000)
 Metaspace       used 3845K, capacity 5228K, committed 5376K, reserved 1056768K
  class space    used 436K, capacity 488K, committed 512K, reserved 1048576K
}
Event: 0.254 GC heap before
{Heap before GC invocations=3 (full 0):
 PSYoungGen      total 3584K, used 3584K [0x00000000d6100000, 0x00000000d6500000, 0x0000000100000000)
  eden space 3072K, 100% used [0x00000000d6100000,0x00000000d6400000,0x00000000d6400000)
  from space 512K, 100% used [0x00000000d6480000,0x00000000d6500000,0x00000000d6500000)
  to   space 512K, 0% used [0x00000000d6400000,0x00000000d6400000,0x00000000d6480000)
 ParOldGen       total 5632K, used 136K [0x0000000082200000, 0x0000000082780000, 0x00000000d6100000)
  object space 5632K, 2% used [0x0000000082200000,0x0000000082222010,0x0000000082780000)
 Metaspace       used 4853K, capacity 6188K, committed 6272K, reserved 1056768K
  class space    used 577K, capacity 616K, committed 640K, reserved 1048576K
Event: 0.255 GC heap after
Heap after GC invocations=3 (full 0):
 PSYoungGen      total 3584K, used 512K [0x00000000d6100000, 0x00000000d6800000, 0x0000000100000000)
  eden space 3072K, 0% used [0x00000000d6100000,0x00000000d6100000,0x00000000d6400000)
  from space 512K, 100% used [0x00000000d6400000,0x00000000d6480000,0x00000000d6480000)
  to   space 512K, 0% used [0x00000000d6780000,0x00000000d6780000,0x00000000d6800000)
 ParOldGen       total 5632K, used 640K [0x0000000082200000, 0x0000000082780000, 0x00000000d6100000)
  object space 5632K, 11% used [0x0000000082200000,0x00000000822a0030,0x0000000082780000)
 Metaspace       used 4853K, capacity 6188K, committed 6272K, reserved 1056768K
  class space    used 577K, capacity 616K, committed 640K, reserved 1048576K
}
Event: 0.322 GC heap before
{Heap before GC invocations=4 (full 0):
 PSYoungGen      total 3584K, used 3584K [0x00000000d6100000, 0x00000000d6800000, 0x0000000100000000)
  eden space 3072K, 100% used [0x00000000d6100000,0x00000000d6400000,0x00000000d6400000)
  from space 512K, 100% used [0x00000000d6400000,0x00000000d6480000,0x00000000d6480000)
  to   space 512K, 0% used [0x00000000d6780000,0x00000000d6780000,0x00000000d6800000)
 ParOldGen       total 5632K, used 640K [0x0000000082200000, 0x0000000082780000, 0x00000000d6100000)
  object space 5632K, 11% used [0x0000000082200000,0x00000000822a0030,0x0000000082780000)
 Metaspace       used 5920K, capacity 7180K, committed 7552K, reserved 1056768K
  class space    used 725K, capacity 776K, committed 896K, reserved 1048576K
Event: 0.323 GC heap after
Heap after GC invocations=4 (full 0):
 PSYoungGen      total 6656K, used 512K [0x00000000d6100000, 0x00000000d6800000, 0x0000000100000000)
  eden space 6144K, 0% used [0x00000000d6100000,0x00000000d6100000,0x00000000d6700000)
  from space 512K, 100% used [0x00000000d6780000,0x00000000d6800000,0x00000000d6800000)
  to   space 512K, 0% used [0x00000000d6700000,0x00000000d6700000,0x00000000d6780000)
 ParOldGen       total 5632K, used 816K [0x0000000082200000, 0x0000000082780000, 0x00000000d6100000)
  object space 5632K, 14% used [0x0000000082200000,0x00000000822cc030,0x0000000082780000)
 Metaspace       used 5920K, capacity 7180K, committed 7552K, reserved 1056768K
  class space    used 725K, capacity 776K, committed 896K, reserved 1048576K
}
Event: 2.376 GC heap before
{Heap before GC invocations=5 (full 0):
 PSYoungGen      total 6656K, used 6656K [0x00000000d6100000, 0x00000000d6800000, 0x0000000100000000)
  eden space 6144K, 100% used [0x00000000d6100000,0x00000000d6700000,0x00000000d6700000)
  from space 512K, 100% used [0x00000000d6780000,0x00000000d6800000,0x00000000d6800000)
  to   space 512K, 0% used [0x00000000d6700000,0x00000000d6700000,0x00000000d6780000)
 ParOldGen       total 5632K, used 816K [0x0000000082200000, 0x0000000082780000, 0x00000000d6100000)
  object space 5632K, 14% used [0x0000000082200000,0x00000000822cc030,0x0000000082780000)
 Metaspace       used 7276K, capacity 8180K, committed 8320K, reserved 1056768K
  class space    used 857K, capacity 880K, committed 896K, reserved 1048576K
Event: 2.379 GC heap after
Heap after GC invocations=5 (full 0):
 PSYoungGen      total 6656K, used 496K [0x00000000d6100000, 0x00000000d6800000, 0x0000000100000000)
  eden space 6144K, 0% used [0x00000000d6100000,0x00000000d6100000,0x00000000d6700000)
  from space 512K, 96% used [0x00000000d6700000,0x00000000d677c010,0x00000000d6780000)
  to   space 512K, 0% used [0x00000000d6780000,0x00000000d6780000,0x00000000d6800000)
 ParOldGen       total 5632K, used 3093K [0x0000000082200000, 0x0000000082780000, 0x00000000d6100000)
  object space 5632K, 54% used [0x0000000082200000,0x0000000082505490,0x0000000082780000)
 Metaspace       used 7276K, capacity 8180K, committed 8320K, reserved 1056768K
  class space    used 857K, capacity 880K, committed 896K, reserved 1048576K
}

